11:25:23 **** Incremental Build of configuration Nios II for project mediapc ****
make all 
Info: Building ../mediapc_bsp/
C:/intelFPGA_lite/16.1/nios2eds/bin/gnu/H-x86_64-mingw32/bin/make --no-print-directory -C ../mediapc_bsp/
[BSP build complete]
Info: Compiling Main.cpp to obj/default/Main.o
nios2-elf-gcc -xc++ -MP -MMD -c -I../mediapc_bsp//HAL/inc -I../mediapc_bsp/ -I../mediapc_bsp//drivers/inc  -pipe -D__hal__ -DALT_NO_INSTRUCTION_EMULATION -DALT_SINGLE_THREADED      -O0 -g -Wall   -mhw-div -mcustom-fpu-cfg=60-2 -mhw-mul -mhw-mulx -mgpopt=global  -o obj/default/Main.o Main.cpp
In file included from SubImage.h:11:0,
                 from Main.h:22,
                 from Main.cpp:1:
Image.h:28:23: warning: non-static data member initializers only available with -std=c++11 or -std=gnu++11
  uint8_t *imageData = 0;
                       ^
Main.cpp: In function 'void init()':
Main.cpp:67:27: warning: format '%d' expects argument of type 'int', but argument 2 has type 'alt_up_video_dma_dev*' [-Wformat=]
  printf("text: %d\n", text);
                           ^
Main.cpp:67:27: warning: format '%d' expects argument of type 'int', but argument 2 has type 'alt_up_video_dma_dev*' [-Wformat=]
Main.cpp:68:37: warning: format '%d' expects argument of type 'int', but argument 2 has type 'alt_up_parallel_port_dev*' [-Wformat=]
  printf("greenLeds: %d\n", greenLeds);
                                     ^
Main.cpp:68:37: warning: format '%d' expects argument of type 'int', but argument 2 has type 'alt_up_parallel_port_dev*' [-Wformat=]
Main.cpp:69:37: warning: format '%d' expects argument of type 'int', but argument 2 has type 'alt_up_parallel_port_dev*' [-Wformat=]
  printf("expansion: %d\n", expansion);
                                     ^
Main.cpp:69:37: warning: format '%d' expects argument of type 'int', but argument 2 has type 'alt_up_parallel_port_dev*' [-Wformat=]
Main.cpp:70:33: warning: format '%d' expects argument of type 'int', but argument 2 has type 'alt_up_parallel_port_dev*' [-Wformat=]
  printf("redLeds: %d\n", redLeds);
                                 ^
Main.cpp:70:33: warning: format '%d' expects argument of type 'int', but argument 2 has type 'alt_up_parallel_port_dev*' [-Wformat=]
Main.cpp:71:23: warning: format '%x' expects argument of type 'unsigned int', but argument 2 has type 'alt_up_pixel_buffer_dma_dev*' [-Wformat=]
  printf("av: %x\n", av);
                       ^
Main.cpp:71:23: warning: format '%x' expects argument of type 'unsigned int', but argument 2 has type 'alt_up_pixel_buffer_dma_dev*' [-Wformat=]
Main.cpp:72:27: warning: format '%x' expects argument of type 'unsigned int', but argument 2 has type 'alt_up_parallel_port_dev*' [-Wformat=]
  printf("keys: %x\n", keys);
                           ^
Main.cpp:72:27: warning: format '%x' expects argument of type 'unsigned int', but argument 2 has type 'alt_up_parallel_port_dev*' [-Wformat=]
Main.cpp:73:35: warning: format '%x' expects argument of type 'unsigned int', but argument 2 has type 'alt_up_parallel_port_dev*' [-Wformat=]
  printf("switches: %x\n", switches);
                                   ^
Main.cpp:73:35: warning: format '%x' expects argument of type 'unsigned int', but argument 2 has type 'alt_up_parallel_port_dev*' [-Wformat=]
Main.cpp:99:20: error: 'image' was not declared in this scope
   Image newImage = image.extract();
                    ^
Main.cpp:110:25: warning: format '%d' expects argument of type 'int', but argument 2 has type 'long unsigned int' [-Wformat=]
   printf("%d\n",micros());
                         ^
Main.cpp:110:25: warning: format '%d' expects argument of type 'int', but argument 2 has type 'long unsigned int' [-Wformat=]
make: *** [obj/default/Main.o] Error 1
11:25:56 **** Incremental Build of configuration Nios II for project mediapc ****
make all 
Info: Building ../mediapc_bsp/
C:/intelFPGA_lite/16.1/nios2eds/bin/gnu/H-x86_64-mingw32/bin/make --no-print-directory -C ../mediapc_bsp/
[BSP build complete]
Info: Compiling Image.cpp to obj/default/Image.o
nios2-elf-gcc -xc++ -MP -MMD -c -I../mediapc_bsp//HAL/inc -I../mediapc_bsp/ -I../mediapc_bsp//drivers/inc  -pipe -D__hal__ -DALT_NO_INSTRUCTION_EMULATION -DALT_SINGLE_THREADED      -O0 -g -Wall   -mhw-div -mcustom-fpu-cfg=60-2 -mhw-mul -mhw-mulx -mgpopt=global  -o obj/default/Image.o Image.cpp
In file included from Image.cpp:8:0:
Image.h:28:23: warning: non-static data member initializers only available with -std=c++11 or -std=gnu++11
  uint8_t *imageData = 0;
                       ^
Info: Compiling Main.cpp to obj/default/Main.o
nios2-elf-gcc -xc++ -MP -MMD -c -I../mediapc_bsp//HAL/inc -I../mediapc_bsp/ -I../mediapc_bsp//drivers/inc  -pipe -D__hal__ -DALT_NO_INSTRUCTION_EMULATION -DALT_SINGLE_THREADED      -O0 -g -Wall   -mhw-div -mcustom-fpu-cfg=60-2 -mhw-mul -mhw-mulx -mgpopt=global  -o obj/default/Main.o Main.cpp
In file included from SubImage.h:11:0,
                 from Main.h:22,
                 from Main.cpp:1:
Image.h:28:23: warning: non-static data member initializers only available with -std=c++11 or -std=gnu++11
  uint8_t *imageData = 0;
                       ^
Main.cpp: In function 'void init()':
Main.cpp:67:27: warning: format '%d' expects argument of type 'int', but argument 2 has type 'alt_up_video_dma_dev*' [-Wformat=]
  printf("text: %d\n", text);
                           ^
Main.cpp:67:27: warning: format '%d' expects argument of type 'int', but argument 2 has type 'alt_up_video_dma_dev*' [-Wformat=]
Main.cpp:68:37: warning: format '%d' expects argument of type 'int', but argument 2 has type 'alt_up_parallel_port_dev*' [-Wformat=]
  printf("greenLeds: %d\n", greenLeds);
                                     ^
Main.cpp:68:37: warning: format '%d' expects argument of type 'int', but argument 2 has type 'alt_up_parallel_port_dev*' [-Wformat=]
Main.cpp:69:37: warning: format '%d' expects argument of type 'int', but argument 2 has type 'alt_up_parallel_port_dev*' [-Wformat=]
  printf("expansion: %d\n", expansion);
                                     ^
Main.cpp:69:37: warning: format '%d' expects argument of type 'int', but argument 2 has type 'alt_up_parallel_port_dev*' [-Wformat=]
Main.cpp:70:33: warning: format '%d' expects argument of type 'int', but argument 2 has type 'alt_up_parallel_port_dev*' [-Wformat=]
  printf("redLeds: %d\n", redLeds);
                                 ^
Main.cpp:70:33: warning: format '%d' expects argument of type 'int', but argument 2 has type 'alt_up_parallel_port_dev*' [-Wformat=]
Main.cpp:71:23: warning: format '%x' expects argument of type 'unsigned int', but argument 2 has type 'alt_up_pixel_buffer_dma_dev*' [-Wformat=]
  printf("av: %x\n", av);
                       ^
Main.cpp:71:23: warning: format '%x' expects argument of type 'unsigned int', but argument 2 has type 'alt_up_pixel_buffer_dma_dev*' [-Wformat=]
Main.cpp:72:27: warning: format '%x' expects argument of type 'unsigned int', but argument 2 has type 'alt_up_parallel_port_dev*' [-Wformat=]
  printf("keys: %x\n", keys);
                           ^
Main.cpp:72:27: warning: format '%x' expects argument of type 'unsigned int', but argument 2 has type 'alt_up_parallel_port_dev*' [-Wformat=]
Main.cpp:73:35: warning: format '%x' expects argument of type 'unsigned int', but argument 2 has type 'alt_up_parallel_port_dev*' [-Wformat=]
  printf("switches: %x\n", switches);
                                   ^
Main.cpp:73:35: warning: format '%x' expects argument of type 'unsigned int', but argument 2 has type 'alt_up_parallel_port_dev*' [-Wformat=]
Main.cpp:99:20: error: 'image' was not declared in this scope
   Image newImage = image.extract();
                    ^
Main.cpp:110:25: warning: format '%d' expects argument of type 'int', but argument 2 has type 'long unsigned int' [-Wformat=]
   printf("%d\n",micros());
                         ^
Main.cpp:110:25: warning: format '%d' expects argument of type 'int', but argument 2 has type 'long unsigned int' [-Wformat=]
make: *** [obj/default/Main.o] Error 1
11:26:30 **** Incremental Build of configuration Nios II for project mediapc ****
make all 
Info: Building ../mediapc_bsp/
C:/intelFPGA_lite/16.1/nios2eds/bin/gnu/H-x86_64-mingw32/bin/make --no-print-directory -C ../mediapc_bsp/
[BSP build complete]
Info: Compiling Image.cpp to obj/default/Image.o
nios2-elf-gcc -xc++ -MP -MMD -c -I../mediapc_bsp//HAL/inc -I../mediapc_bsp/ -I../mediapc_bsp//drivers/inc  -pipe -D__hal__ -DALT_NO_INSTRUCTION_EMULATION -DALT_SINGLE_THREADED      -O0 -g -Wall   -mhw-div -mcustom-fpu-cfg=60-2 -mhw-mul -mhw-mulx -mgpopt=global  -o obj/default/Image.o Image.cpp
In file included from Image.cpp:8:0:
Image.h:28:23: warning: non-static data member initializers only available with -std=c++11 or -std=gnu++11
  uint8_t *imageData = 0;
                       ^
Info: Compiling Main.cpp to obj/default/Main.o
nios2-elf-gcc -xc++ -MP -MMD -c -I../mediapc_bsp//HAL/inc -I../mediapc_bsp/ -I../mediapc_bsp//drivers/inc  -pipe -D__hal__ -DALT_NO_INSTRUCTION_EMULATION -DALT_SINGLE_THREADED      -O0 -g -Wall   -mhw-div -mcustom-fpu-cfg=60-2 -mhw-mul -mhw-mulx -mgpopt=global  -o obj/default/Main.o Main.cpp
In file included from SubImage.h:11:0,
                 from Main.h:22,
                 from Main.cpp:1:
Image.h:28:23: warning: non-static data member initializers only available with -std=c++11 or -std=gnu++11
  uint8_t *imageData = 0;
                       ^
Main.cpp: In function 'void init()':
Main.cpp:67:27: warning: format '%d' expects argument of type 'int', but argument 2 has type 'alt_up_video_dma_dev*' [-Wformat=]
  printf("text: %d\n", text);
                           ^
Main.cpp:67:27: warning: format '%d' expects argument of type 'int', but argument 2 has type 'alt_up_video_dma_dev*' [-Wformat=]
Main.cpp:68:37: warning: format '%d' expects argument of type 'int', but argument 2 has type 'alt_up_parallel_port_dev*' [-Wformat=]
  printf("greenLeds: %d\n", greenLeds);
                                     ^
Main.cpp:68:37: warning: format '%d' expects argument of type 'int', but argument 2 has type 'alt_up_parallel_port_dev*' [-Wformat=]
Main.cpp:69:37: warning: format '%d' expects argument of type 'int', but argument 2 has type 'alt_up_parallel_port_dev*' [-Wformat=]
  printf("expansion: %d\n", expansion);
                                     ^
Main.cpp:69:37: warning: format '%d' expects argument of type 'int', but argument 2 has type 'alt_up_parallel_port_dev*' [-Wformat=]
Main.cpp:70:33: warning: format '%d' expects argument of type 'int', but argument 2 has type 'alt_up_parallel_port_dev*' [-Wformat=]
  printf("redLeds: %d\n", redLeds);
                                 ^
Main.cpp:70:33: warning: format '%d' expects argument of type 'int', but argument 2 has type 'alt_up_parallel_port_dev*' [-Wformat=]
Main.cpp:71:23: warning: format '%x' expects argument of type 'unsigned int', but argument 2 has type 'alt_up_pixel_buffer_dma_dev*' [-Wformat=]
  printf("av: %x\n", av);
                       ^
Main.cpp:71:23: warning: format '%x' expects argument of type 'unsigned int', but argument 2 has type 'alt_up_pixel_buffer_dma_dev*' [-Wformat=]
Main.cpp:72:27: warning: format '%x' expects argument of type 'unsigned int', but argument 2 has type 'alt_up_parallel_port_dev*' [-Wformat=]
  printf("keys: %x\n", keys);
                           ^
Main.cpp:72:27: warning: format '%x' expects argument of type 'unsigned int', but argument 2 has type 'alt_up_parallel_port_dev*' [-Wformat=]
Main.cpp:73:35: warning: format '%x' expects argument of type 'unsigned int', but argument 2 has type 'alt_up_parallel_port_dev*' [-Wformat=]
  printf("switches: %x\n", switches);
                                   ^
Main.cpp:73:35: warning: format '%x' expects argument of type 'unsigned int', but argument 2 has type 'alt_up_parallel_port_dev*' [-Wformat=]
Main.cpp:95:25: warning: format '%d' expects argument of type 'int', but argument 2 has type 'long unsigned int' [-Wformat=]
   printf("%d\n",micros());
                         ^
Main.cpp:95:25: warning: format '%d' expects argument of type 'int', but argument 2 has type 'long unsigned int' [-Wformat=]
Info: Compiling OCR.cpp to obj/default/OCR.o
nios2-elf-gcc -xc++ -MP -MMD -c -I../mediapc_bsp//HAL/inc -I../mediapc_bsp/ -I../mediapc_bsp//drivers/inc  -pipe -D__hal__ -DALT_NO_INSTRUCTION_EMULATION -DALT_SINGLE_THREADED      -O0 -g -Wall   -mhw-div -mcustom-fpu-cfg=60-2 -mhw-mul -mhw-mulx -mgpopt=global  -o obj/default/OCR.o OCR.cpp
In file included from ReferenceImage.h:34:0,
                 from OCR.h:13,
                 from OCR.cpp:8:
Image.h:28:23: warning: non-static data member initializers only available with -std=c++11 or -std=gnu++11
  uint8_t *imageData = 0;
                       ^
Info: Compiling ReferenceImage.cpp to obj/default/ReferenceImage.o
nios2-elf-gcc -xc++ -MP -MMD -c -I../mediapc_bsp//HAL/inc -I../mediapc_bsp/ -I../mediapc_bsp//drivers/inc  -pipe -D__hal__ -DALT_NO_INSTRUCTION_EMULATION -DALT_SINGLE_THREADED      -O0 -g -Wall   -mhw-div -mcustom-fpu-cfg=60-2 -mhw-mul -mhw-mulx -mgpopt=global  -o obj/default/ReferenceImage.o ReferenceImage.cpp
In file included from ReferenceImage.h:34:0,
                 from ReferenceImage.cpp:8:
Image.h:28:23: warning: non-static data member initializers only available with -std=c++11 or -std=gnu++11
  uint8_t *imageData = 0;
                       ^
Info: Compiling SubImage.cpp to obj/default/SubImage.o
nios2-elf-gcc -xc++ -MP -MMD -c -I../mediapc_bsp//HAL/inc -I../mediapc_bsp/ -I../mediapc_bsp//drivers/inc  -pipe -D__hal__ -DALT_NO_INSTRUCTION_EMULATION -DALT_SINGLE_THREADED      -O0 -g -Wall   -mhw-div -mcustom-fpu-cfg=60-2 -mhw-mul -mhw-mulx -mgpopt=global  -o obj/default/SubImage.o SubImage.cpp
In file included from SubImage.h:11:0,
                 from SubImage.cpp:8:
Image.h:28:23: warning: non-static data member initializers only available with -std=c++11 or -std=gnu++11
  uint8_t *imageData = 0;
                       ^
Info: Compiling hello_world.cpp to obj/default/hello_world.o
nios2-elf-gcc -xc++ -MP -MMD -c -I../mediapc_bsp//HAL/inc -I../mediapc_bsp/ -I../mediapc_bsp//drivers/inc  -pipe -D__hal__ -DALT_NO_INSTRUCTION_EMULATION -DALT_SINGLE_THREADED      -O0 -g -Wall   -mhw-div -mcustom-fpu-cfg=60-2 -mhw-mul -mhw-mulx -mgpopt=global  -o obj/default/hello_world.o hello_world.cpp
In file included from SubImage.h:11:0,
                 from Main.h:22,
                 from hello_world.cpp:17:
Image.h:28:23: warning: non-static data member initializers only available with -std=c++11 or -std=gnu++11
  uint8_t *imageData = 0;
                       ^
Info: Compiling stepper.cpp to obj/default/stepper.o
nios2-elf-gcc -xc++ -MP -MMD -c -I../mediapc_bsp//HAL/inc -I../mediapc_bsp/ -I../mediapc_bsp//drivers/inc  -pipe -D__hal__ -DALT_NO_INSTRUCTION_EMULATION -DALT_SINGLE_THREADED      -O0 -g -Wall   -mhw-div -mcustom-fpu-cfg=60-2 -mhw-mul -mhw-mulx -mgpopt=global  -o obj/default/stepper.o stepper.cpp
In file included from SubImage.h:11:0,
                 from Main.h:22,
                 from stepper.h:5,
                 from stepper.cpp:6:
Image.h:28:23: warning: non-static data member initializers only available with -std=c++11 or -std=gnu++11
  uint8_t *imageData = 0;
                       ^
Info: Linking mediapc.elf
nios2-elf-g++  -T'../mediapc_bsp//linker.x' -msys-crt0='../mediapc_bsp//obj/HAL/src/crt0.o' -msys-lib=hal_bsp -L../mediapc_bsp/  -mcustom-fpu-cfg=60-2  -Wl,-Map=mediapc.map   -O0 -g -Wall   -mhw-div -mcustom-fpu-cfg=60-2 -mhw-mul -mhw-mulx -mgpopt=global  -o mediapc.elf obj/default/testImage.o obj/default/Image.o obj/default/Main.o obj/default/OCR.o obj/default/ReferenceImage.o obj/default/Stack.o obj/default/SubImage.o obj/default/hello_world.o obj/default/stepper.o -lm -msys-lib=m
nios2-elf-insert mediapc.elf --thread_model hal --cpu_name Nios2 --qsys true --simulation_enabled false --id 0 --sidp 0x10002020 --timestamp 1482343707 --stderr_dev JTAG_UART --stdin_dev JTAG_UART --stdout_dev JTAG_UART --sopc_system_name nios_system --quartus_project_dir "C:/intelFPGA_lite/16.1/University_Program/Computer_Systems/DE2-115/DE2-115_Media_Computer/verilog" --jdi C:/intelFPGA_lite/16.1/University_Program/Computer_Systems/DE2-115/DE2-115_Media_Computer/verilog/software/mediapc_bsp/../../DE2_115_Media_Computer.jdi --sopcinfo C:/intelFPGA_lite/16.1/University_Program/Computer_Systems/DE2-115/DE2-115_Media_Computer/verilog/software/mediapc_bsp/../../nios_system.sopcinfo
Info: (mediapc.elf) 125 KBytes program size (code + initialized data).
Info:               65398 KBytes free for stack + heap.
Info: Creating mediapc.objdump
nios2-elf-objdump --disassemble --syms --all-header --source mediapc.elf >mediapc.objdump
[mediapc build complete]
11:27:17 **** Build of configuration Nios II for project mediapc ****
make all 
Info: Building ../mediapc_bsp/
C:/intelFPGA_lite/16.1/nios2eds/bin/gnu/H-x86_64-mingw32/bin/make --no-print-directory -C ../mediapc_bsp/
[BSP build complete]
[mediapc build complete]
11:27:58 **** Incremental Build of configuration Nios II for project mediapc ****
make all 
Info: Building ../mediapc_bsp/
C:/intelFPGA_lite/16.1/nios2eds/bin/gnu/H-x86_64-mingw32/bin/make --no-print-directory -C ../mediapc_bsp/
[BSP build complete]
[mediapc build complete]
11:29:37 **** Incremental Build of configuration Nios II for project mediapc ****
make all 
Info: Building ../mediapc_bsp/
C:/intelFPGA_lite/16.1/nios2eds/bin/gnu/H-x86_64-mingw32/bin/make --no-print-directory -C ../mediapc_bsp/
[BSP build complete]
[mediapc build complete]
