14:48:38 **** Incremental Build of configuration Nios II for project Sudokis ****
make all 
Info: Building ../Sudokis_bsp/
C:/intelFPGA_lite/16.1/nios2eds/bin/gnu/H-x86_64-mingw32/bin/make --no-print-directory -C ../Sudokis_bsp/
[BSP build complete]
Info: Compiling Image.cpp to obj/default/Image.o
nios2-elf-gcc -xc++ -MP -MMD -c -I../Sudokis_bsp//HAL/inc -I../Sudokis_bsp/ -I../Sudokis_bsp//drivers/inc  -pipe -D__hal__ -DALT_NO_INSTRUCTION_EMULATION -DALT_SINGLE_THREADED      -O0 -g -Wall   -mhw-div -mcustom-fpu-cfg=60-2 -mhw-mul -mhw-mulx -mgpopt=global  -o obj/default/Image.o Image.cpp
In file included from Image.cpp:8:0:
Image.h:28:23: warning: non-static data member initializers only available with -std=c++11 or -std=gnu++11
  uint8_t *imageData = 0;
                       ^
In file included from Image.h:52:0,
                 from Image.cpp:8:
Main.h:32:87: warning: non-static data member initializers only available with -std=c++11 or -std=gnu++11
  alt_up_parallel_port_dev* greenLeds = alt_up_parallel_port_open_dev("/dev/Green_LEDs");
                                                                                       ^
Main.h:33:83: warning: non-static data member initializers only available with -std=c++11 or -std=gnu++11
  alt_up_parallel_port_dev* redLeds = alt_up_parallel_port_open_dev("/dev/Red_LEDs");
                                                                                   ^
Main.h:34:83: warning: non-static data member initializers only available with -std=c++11 or -std=gnu++11
  alt_up_parallel_port_dev* keys = alt_up_parallel_port_open_dev("/dev/Pushbuttons");
                                                                                   ^
Main.h:35:91: warning: non-static data member initializers only available with -std=c++11 or -std=gnu++11
  alt_up_parallel_port_dev* switches = alt_up_parallel_port_open_dev("/dev/Slider_Switches");
                                                                                           ^
Main.h:36:90: warning: non-static data member initializers only available with -std=c++11 or -std=gnu++11
  alt_up_parallel_port_dev* expansion = alt_up_parallel_port_open_dev("/dev/Expansion_JP5");
                                                                                          ^
Main.h:37:103: warning: non-static data member initializers only available with -std=c++11 or -std=gnu++11
  alt_up_pixel_buffer_dma_dev* pb = alt_up_pixel_buffer_dma_open_dev("/dev/VGA_Subsystem_VGA_Pixel_DMA");
                                                                                                       ^
Main.h:38:108: warning: non-static data member initializers only available with -std=c++11 or -std=gnu++11
  alt_up_video_dma_dev* dma = alt_up_video_dma_open_dev("/dev/VGA_Subsystem_Char_Buf_Subsystem_Char_Buf_DMA");
                                                                                                            ^
Info: Linking Sudokis.elf
nios2-elf-g++  -T'../Sudokis_bsp//linker.x' -msys-crt0='../Sudokis_bsp//obj/HAL/src/crt0.o' -msys-lib=hal_bsp -L../Sudokis_bsp/  -mcustom-fpu-cfg=60-2  -Wl,-Map=Sudokis.map   -O0 -g -Wall   -mhw-div -mcustom-fpu-cfg=60-2 -mhw-mul -mhw-mulx -mgpopt=global  -o Sudokis.elf obj/default/Image.o obj/default/Main.o obj/default/OCR.o obj/default/ReferenceImage.o obj/default/SubImage.o obj/default/hello_world.o obj/default/stepper.o obj/default/sudoku.o -lm -msys-lib=m
nios2-elf-insert Sudokis.elf --thread_model hal --cpu_name Nios2 --qsys true --simulation_enabled false --id 0 --sidp 0x10002020 --timestamp 1482343707 --stderr_dev JTAG_UART --stdin_dev JTAG_UART --stdout_dev JTAG_UART --sopc_system_name nios_system --jdi C:/intelFPGA_lite/16.1/University_Program/Computer_Systems/DE2-115/DE2-115_Media_Computer/verilog/DE2_115_Media_Computer.jdi --sopcinfo C:/intelFPGA_lite/16.1/University_Program/Computer_Systems/DE2-115/DE2-115_Media_Computer/verilog/nios_system.sopcinfo
Info: (Sudokis.elf) 864 KBytes program size (code + initialized data).
Info:               64659 KBytes free for stack + heap.
Info: Creating Sudokis.objdump
nios2-elf-objdump --disassemble --syms --all-header Sudokis.elf >Sudokis.objdump
[Sudokis build complete]

14:48:41 Build Finished (took 2s.972ms)

